2024-07-31T20:16:50.007+08:00  INFO 2939 --- [restartedMain] c.e.l.LibrarybookingsystemApplication    : Starting LibrarybookingsystemApplication using Java 17.0.8 with PID 2939 (/home/linux/NTU/SCTP Java Projects/MyOwnBranch/library_BookLoaningSystem/librarybookingsystem/target/classes started by linux in /home/linux/NTU/SCTP Java Projects/MyOwnBranch/library_BookLoaningSystem/librarybookingsystem)
2024-07-31T20:16:50.011+08:00  INFO 2939 --- [restartedMain] c.e.l.LibrarybookingsystemApplication    : The following 1 profile is active: "dev"
2024-07-31T20:16:50.048+08:00  INFO 2939 --- [restartedMain] .e.DevToolsPropertyDefaultsPostProcessor : Devtools property defaults active! Set 'spring.devtools.add-properties' to 'false' to disable
2024-07-31T20:16:50.048+08:00  INFO 2939 --- [restartedMain] .e.DevToolsPropertyDefaultsPostProcessor : For additional web related logging consider setting the 'logging.level.web' property to 'DEBUG'
2024-07-31T20:16:50.513+08:00  INFO 2939 --- [restartedMain] .s.d.r.c.RepositoryConfigurationDelegate : Bootstrapping Spring Data JPA repositories in DEFAULT mode.
2024-07-31T20:16:50.572+08:00  INFO 2939 --- [restartedMain] .s.d.r.c.RepositoryConfigurationDelegate : Finished Spring Data repository scanning in 36 ms. Found 3 JPA repository interfaces.
2024-07-31T20:16:50.900+08:00  INFO 2939 --- [restartedMain] o.s.b.w.embedded.tomcat.TomcatWebServer  : Tomcat initialized with port(s): 8080 (http)
2024-07-31T20:16:50.906+08:00  INFO 2939 --- [restartedMain] o.apache.catalina.core.StandardService   : Starting service [Tomcat]
2024-07-31T20:16:50.906+08:00  INFO 2939 --- [restartedMain] o.apache.catalina.core.StandardEngine    : Starting Servlet engine: [Apache Tomcat/10.1.17]
2024-07-31T20:16:50.942+08:00  INFO 2939 --- [restartedMain] o.a.c.c.C.[Tomcat].[localhost].[/]       : Initializing Spring embedded WebApplicationContext
2024-07-31T20:16:50.942+08:00  INFO 2939 --- [restartedMain] w.s.c.ServletWebServerApplicationContext : Root WebApplicationContext: initialization completed in 894 ms
2024-07-31T20:16:51.088+08:00  INFO 2939 --- [restartedMain] o.hibernate.jpa.internal.util.LogHelper  : HHH000204: Processing PersistenceUnitInfo [name: default]
2024-07-31T20:16:51.116+08:00  INFO 2939 --- [restartedMain] org.hibernate.Version                    : HHH000412: Hibernate ORM core version 6.2.17.Final
2024-07-31T20:16:51.118+08:00  INFO 2939 --- [restartedMain] org.hibernate.cfg.Environment            : HHH000406: Using bytecode reflection optimizer
2024-07-31T20:16:51.246+08:00  INFO 2939 --- [restartedMain] o.s.o.j.p.SpringPersistenceUnitInfo      : No LoadTimeWeaver setup: ignoring JPA class transformer
2024-07-31T20:16:51.270+08:00  INFO 2939 --- [restartedMain] com.zaxxer.hikari.HikariDataSource       : HikariPool-1 - Starting...
2024-07-31T20:16:51.433+08:00  INFO 2939 --- [restartedMain] com.zaxxer.hikari.pool.HikariPool        : HikariPool-1 - Added connection org.postgresql.jdbc.PgConnection@4f1d3250
2024-07-31T20:16:51.434+08:00  INFO 2939 --- [restartedMain] com.zaxxer.hikari.HikariDataSource       : HikariPool-1 - Start completed.
2024-07-31T20:16:51.465+08:00  WARN 2939 --- [restartedMain] org.hibernate.orm.deprecation            : HHH90000025: PostgreSQLDialect does not need to be specified explicitly using 'hibernate.dialect' (remove the property setting and it will be selected by default)
2024-07-31T20:16:51.958+08:00  INFO 2939 --- [restartedMain] o.h.e.t.j.p.i.JtaPlatformInitiator       : HHH000489: No JTA platform available (set 'hibernate.transaction.jta.platform' to enable JTA platform integration)
2024-07-31T20:16:52.083+08:00  INFO 2939 --- [restartedMain] j.LocalContainerEntityManagerFactoryBean : Initialized JPA EntityManagerFactory for persistence unit 'default'
2024-07-31T20:16:52.428+08:00  WARN 2939 --- [restartedMain] JpaBaseConfiguration$JpaWebConfiguration : spring.jpa.open-in-view is enabled by default. Therefore, database queries may be performed during view rendering. Explicitly configure spring.jpa.open-in-view to disable this warning
2024-07-31T20:16:52.668+08:00  INFO 2939 --- [restartedMain] o.s.b.a.e.web.EndpointLinksResolver      : Exposing 1 endpoint(s) beneath base path '/actuator'
2024-07-31T20:16:52.695+08:00  INFO 2939 --- [restartedMain] o.s.s.web.DefaultSecurityFilterChain     : Will secure any request with [org.springframework.security.web.session.DisableEncodeUrlFilter@18170144, org.springframework.security.web.context.request.async.WebAsyncManagerIntegrationFilter@3ab7a63f, org.springframework.security.web.context.SecurityContextHolderFilter@6dc5347a, org.springframework.security.web.header.HeaderWriterFilter@14e2a0ea, org.springframework.security.web.authentication.logout.LogoutFilter@7109bdec, org.springframework.security.web.authentication.www.BasicAuthenticationFilter@474cecf, org.springframework.security.web.savedrequest.RequestCacheAwareFilter@49f3a49b, org.springframework.security.web.servletapi.SecurityContextHolderAwareRequestFilter@20d34ca9, org.springframework.security.web.authentication.AnonymousAuthenticationFilter@19ea50ed, org.springframework.security.web.access.ExceptionTranslationFilter@73a47f23, org.springframework.security.web.access.intercept.AuthorizationFilter@6b483095]
2024-07-31T20:16:52.809+08:00  INFO 2939 --- [restartedMain] o.s.b.d.a.OptionalLiveReloadServer       : LiveReload server is running on port 35729
2024-07-31T20:16:52.845+08:00  INFO 2939 --- [restartedMain] o.s.b.w.embedded.tomcat.TomcatWebServer  : Tomcat started on port(s): 8080 (http) with context path ''
2024-07-31T20:16:52.857+08:00  INFO 2939 --- [restartedMain] c.e.l.LibrarybookingsystemApplication    : Started LibrarybookingsystemApplication in 3.054 seconds (process running for 3.302)
2024-07-31T20:32:04.507+08:00  INFO 2939 --- [SpringApplicationShutdownHook] j.LocalContainerEntityManagerFactoryBean : Closing JPA EntityManagerFactory for persistence unit 'default'
2024-07-31T20:32:04.509+08:00  INFO 2939 --- [SpringApplicationShutdownHook] com.zaxxer.hikari.HikariDataSource       : HikariPool-1 - Shutdown initiated...
2024-07-31T20:32:04.515+08:00  INFO 2939 --- [SpringApplicationShutdownHook] com.zaxxer.hikari.HikariDataSource       : HikariPool-1 - Shutdown completed.
2024-07-31T21:08:00.683+08:00  INFO 1666 --- [restartedMain] c.e.l.LibrarybookingsystemApplication    : Starting LibrarybookingsystemApplication using Java 17.0.8 with PID 1666 (/home/linux/NTU/SCTP Java Projects/MyOwnBranch/library_BookLoaningSystem/librarybookingsystem/target/classes started by linux in /home/linux/NTU/SCTP Java Projects/MyOwnBranch/library_BookLoaningSystem/librarybookingsystem)
2024-07-31T21:08:00.684+08:00  INFO 1666 --- [restartedMain] c.e.l.LibrarybookingsystemApplication    : The following 1 profile is active: "dev"
2024-07-31T21:08:00.720+08:00  INFO 1666 --- [restartedMain] .e.DevToolsPropertyDefaultsPostProcessor : Devtools property defaults active! Set 'spring.devtools.add-properties' to 'false' to disable
2024-07-31T21:08:00.721+08:00  INFO 1666 --- [restartedMain] .e.DevToolsPropertyDefaultsPostProcessor : For additional web related logging consider setting the 'logging.level.web' property to 'DEBUG'
2024-07-31T21:08:01.303+08:00  INFO 1666 --- [restartedMain] .s.d.r.c.RepositoryConfigurationDelegate : Bootstrapping Spring Data JPA repositories in DEFAULT mode.
2024-07-31T21:08:01.355+08:00  INFO 1666 --- [restartedMain] .s.d.r.c.RepositoryConfigurationDelegate : Finished Spring Data repository scanning in 45 ms. Found 3 JPA repository interfaces.
2024-07-31T21:08:01.741+08:00  INFO 1666 --- [restartedMain] o.s.b.w.embedded.tomcat.TomcatWebServer  : Tomcat initialized with port(s): 8080 (http)
2024-07-31T21:08:01.748+08:00  INFO 1666 --- [restartedMain] o.apache.catalina.core.StandardService   : Starting service [Tomcat]
2024-07-31T21:08:01.748+08:00  INFO 1666 --- [restartedMain] o.apache.catalina.core.StandardEngine    : Starting Servlet engine: [Apache Tomcat/10.1.17]
2024-07-31T21:08:01.791+08:00  INFO 1666 --- [restartedMain] o.a.c.c.C.[Tomcat].[localhost].[/]       : Initializing Spring embedded WebApplicationContext
2024-07-31T21:08:01.791+08:00  INFO 1666 --- [restartedMain] w.s.c.ServletWebServerApplicationContext : Root WebApplicationContext: initialization completed in 1069 ms
2024-07-31T21:08:01.937+08:00  INFO 1666 --- [restartedMain] o.hibernate.jpa.internal.util.LogHelper  : HHH000204: Processing PersistenceUnitInfo [name: default]
2024-07-31T21:08:01.986+08:00  INFO 1666 --- [restartedMain] org.hibernate.Version                    : HHH000412: Hibernate ORM core version 6.2.17.Final
2024-07-31T21:08:01.989+08:00  INFO 1666 --- [restartedMain] org.hibernate.cfg.Environment            : HHH000406: Using bytecode reflection optimizer
2024-07-31T21:08:02.164+08:00  INFO 1666 --- [restartedMain] o.s.o.j.p.SpringPersistenceUnitInfo      : No LoadTimeWeaver setup: ignoring JPA class transformer
2024-07-31T21:08:02.193+08:00  INFO 1666 --- [restartedMain] com.zaxxer.hikari.HikariDataSource       : HikariPool-1 - Starting...
2024-07-31T21:08:02.430+08:00  INFO 1666 --- [restartedMain] com.zaxxer.hikari.pool.HikariPool        : HikariPool-1 - Added connection org.postgresql.jdbc.PgConnection@388aae05
2024-07-31T21:08:02.431+08:00  INFO 1666 --- [restartedMain] com.zaxxer.hikari.HikariDataSource       : HikariPool-1 - Start completed.
2024-07-31T21:08:02.470+08:00  WARN 1666 --- [restartedMain] org.hibernate.orm.deprecation            : HHH90000025: PostgreSQLDialect does not need to be specified explicitly using 'hibernate.dialect' (remove the property setting and it will be selected by default)
2024-07-31T21:08:03.048+08:00  INFO 1666 --- [restartedMain] o.h.e.t.j.p.i.JtaPlatformInitiator       : HHH000489: No JTA platform available (set 'hibernate.transaction.jta.platform' to enable JTA platform integration)
2024-07-31T21:08:03.182+08:00  INFO 1666 --- [restartedMain] j.LocalContainerEntityManagerFactoryBean : Initialized JPA EntityManagerFactory for persistence unit 'default'
2024-07-31T21:08:03.556+08:00  WARN 1666 --- [restartedMain] JpaBaseConfiguration$JpaWebConfiguration : spring.jpa.open-in-view is enabled by default. Therefore, database queries may be performed during view rendering. Explicitly configure spring.jpa.open-in-view to disable this warning
2024-07-31T21:08:03.809+08:00  INFO 1666 --- [restartedMain] o.s.b.a.e.web.EndpointLinksResolver      : Exposing 1 endpoint(s) beneath base path '/actuator'
2024-07-31T21:08:03.834+08:00  INFO 1666 --- [restartedMain] o.s.s.web.DefaultSecurityFilterChain     : Will secure any request with [org.springframework.security.web.session.DisableEncodeUrlFilter@19559ad0, org.springframework.security.web.context.request.async.WebAsyncManagerIntegrationFilter@e979e8d, org.springframework.security.web.context.SecurityContextHolderFilter@41b85ffc, org.springframework.security.web.header.HeaderWriterFilter@5d1df66e, org.springframework.security.web.authentication.logout.LogoutFilter@3eb4d653, org.springframework.security.web.authentication.www.BasicAuthenticationFilter@34847a25, org.springframework.security.web.savedrequest.RequestCacheAwareFilter@2e109a80, org.springframework.security.web.servletapi.SecurityContextHolderAwareRequestFilter@6dc5347a, org.springframework.security.web.authentication.AnonymousAuthenticationFilter@6ccefa24, org.springframework.security.web.access.ExceptionTranslationFilter@1df26e3b, org.springframework.security.web.access.intercept.AuthorizationFilter@1c56ac31]
2024-07-31T21:08:03.959+08:00  INFO 1666 --- [restartedMain] o.s.b.d.a.OptionalLiveReloadServer       : LiveReload server is running on port 35729
2024-07-31T21:08:04.000+08:00  INFO 1666 --- [restartedMain] o.s.b.w.embedded.tomcat.TomcatWebServer  : Tomcat started on port(s): 8080 (http) with context path ''
2024-07-31T21:08:04.012+08:00  INFO 1666 --- [restartedMain] c.e.l.LibrarybookingsystemApplication    : Started LibrarybookingsystemApplication in 3.582 seconds (process running for 3.853)
2024-07-31T21:08:27.862+08:00  INFO 1666 --- [http-nio-8080-exec-1] o.a.c.c.C.[Tomcat].[localhost].[/]       : Initializing Spring DispatcherServlet 'dispatcherServlet'
2024-07-31T21:08:27.862+08:00  INFO 1666 --- [http-nio-8080-exec-1] o.s.web.servlet.DispatcherServlet        : Initializing Servlet 'dispatcherServlet'
2024-07-31T21:08:27.863+08:00  INFO 1666 --- [http-nio-8080-exec-1] o.s.web.servlet.DispatcherServlet        : Completed initialization in 1 ms
2024-07-31T21:18:19.130+08:00  INFO 1666 --- [SpringApplicationShutdownHook] j.LocalContainerEntityManagerFactoryBean : Closing JPA EntityManagerFactory for persistence unit 'default'
2024-07-31T21:18:19.132+08:00  INFO 1666 --- [SpringApplicationShutdownHook] com.zaxxer.hikari.HikariDataSource       : HikariPool-1 - Shutdown initiated...
2024-07-31T21:18:19.137+08:00  INFO 1666 --- [SpringApplicationShutdownHook] com.zaxxer.hikari.HikariDataSource       : HikariPool-1 - Shutdown completed.
